<?xml version="1.0" encoding="UTF-8"?>
<!-- Generated by org.testng.reporters.JUnitReportReporter -->
<testsuite hostname="DELL1" failures="0" tests="1" name="Regression_Tests.OneOnOne_ClassManagement_Test" time="29.074" errors="0" timestamp="2021-10-28T21:42:02 IST" skipped="0">
  <testcase classname="Regression_Tests.OneOnOne_ClassManagement_Test" name="verifyManageClass" time="29.074"/>
  <system-out>
    <![CDATA[[Pass]Tab Student Attendance is Present on screen
[Pass]Tab Student Attendance is Present on screen
[Pass]Select Day is Present on screen
[Pass]Select Day is Present on screen
[Pass]Select Slot is Present on screen
[Pass]Select Slot is Present on screen
[Pass]Button Schedule1 is Present on screen
[Pass]Button Schedule2 is Present on screen
[fail]Student History is not Present on screen
[fail]Programe History is not Present on screen]]>
  </system-out>
</testsuite> <!-- Regression_Tests.OneOnOne_ClassManagement_Test -->
