<?xml version="1.0" encoding="UTF-8"?>
<!-- Generated by org.testng.reporters.JUnitReportReporter -->
<testsuite hostname="DELL1" failures="0" tests="1" name="Regression_Tests.Admin_Group_SAT_Test" time="113.864" errors="0" timestamp="2022-01-16T14:21:09 IST" skipped="0">
  <testcase classname="Regression_Tests.Admin_Group_SAT_Test" name="verifyActiveInactiveStudetFunc" time="113.864"/>
  <system-out/>
</testsuite> <!-- Regression_Tests.Admin_Group_SAT_Test -->
