<?xml version="1.0" encoding="UTF-8"?>
<!-- Generated by org.testng.reporters.JUnitReportReporter -->
<testsuite hostname="DELL1" failures="0" tests="1" name="Regression_Tests.Admin_Group_SAT_Test" time="6.787" errors="0" timestamp="2021-08-20T22:07:41 IST" skipped="0">
  <testcase classname="Regression_Tests.Admin_Group_SAT_Test" name="navigateToManageClass" time="6.787"/>
  <system-out/>
</testsuite> <!-- Regression_Tests.Admin_Group_SAT_Test -->
