<?xml version="1.0" encoding="UTF-8"?>
<!-- Generated by org.testng.reporters.JUnitReportReporter -->
<testsuite hostname="DELL1" failures="0" tests="2" name="Regression_Tests.Admin_BranchManagement_Tests" time="36.657" errors="0" timestamp="2021-08-12T20:41:41 IST" skipped="0">
  <testcase classname="Regression_Tests.Admin_BranchManagement_Tests" name="verify_Login_Funtionality" time="23.784"/>
  <system-out>
    <![CDATA[[Pass]Username Textbox is Present on screen
[Pass]Password Textbox is Present on screen
[Pass]Login Button is Present on screen
[Pass]Forgot ID Link is Present on screen
[Pass]Forgot Password Link is Present on screen
[Pass]Welcome message label is Present on screen]]>
  </system-out>
  <testcase classname="Regression_Tests.Admin_BranchManagement_Tests" name="verify_Add_update_enquiry_page" time="12.873"/>
  <system-out/>
</testsuite> <!-- Regression_Tests.Admin_BranchManagement_Tests -->
