<?xml version="1.0" encoding="UTF-8"?>
<!-- Generated by org.testng.reporters.JUnitReportReporter -->
<testsuite hostname="DELL1" failures="0" tests="2" name="Regression_Tests.Student_Tests" time="38.551" errors="0" timestamp="2022-01-13T22:58:09 IST" skipped="0">
  <testcase classname="Regression_Tests.Student_Tests" name="verify_Login_Funtionality" time="23.995"/>
  <system-out>
    <![CDATA[Enterig UserName:devang@yopmail.com
Enterig UserName:P@ssw0rd]]>
  </system-out>
  <testcase classname="Regression_Tests.Student_Tests" name="verifyHomePage" time="14.556"/>
  <system-out/>
</testsuite> <!-- Regression_Tests.Student_Tests -->
