<?xml version="1.0" encoding="UTF-8"?>
<!-- Generated by org.testng.reporters.JUnitReportReporter -->
<testsuite hostname="DELL1" failures="0" tests="10" name="Regression_Tests.Admin_BranchManagement_Tests" time="315.658" errors="0" timestamp="2021-08-22T16:32:00 IST" skipped="0">
  <testcase classname="Regression_Tests.Admin_BranchManagement_Tests" name="verify_Login_Funtionality" time="22.278"/>
  <system-out>
    <![CDATA[[Pass]Username Textbox is Present on screen
[Pass]Password Textbox is Present on screen
[Pass]Login Button is Present on screen
[Pass]Forgot ID Link is Present on screen
[Pass]Forgot Password Link is Present on screen
[Pass]Welcome message label is Present on screen]]>
  </system-out>
  <testcase classname="Regression_Tests.Admin_BranchManagement_Tests" name="verify_Search_Student_functionality" time="24.968"/>
  <system-out>
    <![CDATA[[Pass]Username Textbox is Present on screen
[Pass]Parent Details Tab is Present on screen
[Pass]student Details Tab is Present on screen
[Pass]student Enrollment Detail Tab is Present on screen
[Pass]Update Branch Details Tab is Present on screen]]>
  </system-out>
  <testcase classname="Regression_Tests.Admin_BranchManagement_Tests" name="New_Registraton_Page_Verification" time="8.877"/>
  <system-out>
    <![CDATA[[Pass]Student registartion menu is Present on screen
[Pass]Student registartion tab is Present on screen
[Pass]Student registration tab is Present on screen
[Pass]New Parent tab is Present on screen
[Pass]New Student tab is Present on screen]]>
  </system-out>
  <testcase classname="Regression_Tests.Admin_BranchManagement_Tests" name="verify_student_management_functionality" time="26.786"/>
  <system-out>
    <![CDATA[[Pass]Search Result is Present on screen
[fail]Button Disconnection is not Present on screen
[Pass]Conversation Button is Present on screen
[Pass]button Hold is Present on screen
[Pass]Button view schedule is Present on screen
[Pass]Parent Details Tab is Present on screen
[Pass]student Details Tab is Present on screen
[Pass]student Enrollment Detail Tab is Present on screen
[Pass]Update Branch Details Tab is Present on screen]]>
  </system-out>
  <testcase classname="Regression_Tests.Admin_BranchManagement_Tests" name="verify_student_prospect_page" time="49.183"/>
  <system-out>
    <![CDATA[[Pass]Sat Prospect Details is Present on screen
[Pass]Button View Detail is Present on screen
[Pass]View Conversation Detail is Present on screen
[Pass]Parent Details Tab is Present on screen
[Pass]Student Tab is Present on screen
[Pass]Parent Details Tab is Present on screen
[Pass]Update Branch Details Tab is Present on screen
[Pass]Duke Prospect Details is Present on screen]]>
  </system-out>
  <testcase classname="Regression_Tests.Admin_BranchManagement_Tests" name="verify_student_teacher_mapping_page" time="22.738"/>
  <system-out>
    <![CDATA[[Pass]Select Teacher Dropdown is Present on screen
[Pass]Student Name Dropdown is Present on screen
[Pass]Student Detail Dropdown is Present on screen
[Pass]Search Butoon is Present on screen
[Pass]Reset Butoon is Present on screen]]>
  </system-out>
  <testcase classname="Regression_Tests.Admin_BranchManagement_Tests" name="verify_Add_remove_branches_page" time="50.137"/>
  <system-out>
    <![CDATA[[Pass]Create Branch Button is Present on screen
[Pass]Bracnh Management Page is Present on screen
[Pass]Edit Detail Button is Present on screen
[Pass]View detail button is Present on screen
[Pass]East Branch Title is Present on screen
[Pass]Success Message is Present on screen
[Pass]Success Message is Present on screen]]>
  </system-out>
  <testcase classname="Regression_Tests.Admin_BranchManagement_Tests" name="verify_Add_update_enquiry_page" time="17.267"/>
  <system-out/>
  <testcase classname="Regression_Tests.Admin_BranchManagement_Tests" name="verify_referral_activity_page" time="8.672"/>
  <system-out>
    <![CDATA[[Pass]Tab referral Activity is Present on screen
[Pass]Referrer Name is Present on screen
[Pass]Referrer Email ID is Present on screen
[Pass]Customer Name is Present on screen
[Pass]Customer Email is Present on screen
[Pass]Approval Date is Present on screen
[Pass]Reward Date is Present on screen
[Pass]Action status is Present on screen
[Pass]Tab reward Activity is Present on screen
[Pass]Referrer Name is Present on screen
[Pass]Referrer Email ID is Present on screen
[Pass]Referal Date is Present on screen
[Pass]Customer Name is Present on screen
[Pass]Customer Email is Present on screen
[Pass]Approval Date is Present on screen
[Pass]Redemption Date is Present on screen
[fail]Action status is not Present on screen]]>
  </system-out>
  <testcase classname="Regression_Tests.Admin_BranchManagement_Tests" name="verify_photo_approval_management_page" time="84.752"/>
  <system-out>
    <![CDATA[[Pass]Your profile photo is under review and will be visible once approved by Admin is Present on screen
[Pass]Student Photo Request is Present on screen
[Pass]Message No Request Available is Present on screen
[Pass]Profile Photo Already Approved Message is Present on screen]]>
  </system-out>
</testsuite> <!-- Regression_Tests.Admin_BranchManagement_Tests -->
