<?xml version="1.0" encoding="UTF-8"?>
<!-- Generated by org.testng.reporters.JUnitReportReporter -->
<testsuite hostname="DELL1" failures="0" tests="2" name="Regression_Tests.Admin_BranchManagement_Tests" time="49.488" errors="0" timestamp="2021-08-10T21:12:47 IST" skipped="0">
  <testcase classname="Regression_Tests.Admin_BranchManagement_Tests" name="verify_Login_Funtionality" time="23.920"/>
  <system-out>
    <![CDATA[[Pass]Username Textbox is Present on screen
[Pass]Password Textbox is Present on screen
[Pass]Login Button is Present on screen
[Pass]Forgot ID Link is Present on screen
[Pass]Forgot Password Link is Present on screen
[Pass]Welcome message label is Present on screen]]>
  </system-out>
  <testcase classname="Regression_Tests.Admin_BranchManagement_Tests" name="verify_Search_Student_functionality" time="25.568"/>
  <system-out>
    <![CDATA[[Pass]Username Textbox is Present on screen
[Pass]Parent Details Tab is Present on screen
[Pass]student Details Tab is Present on screen
[Pass]student Enrollment Detail Tab is Present on screen
[Pass]Update Branch Details Tab is Present on screen]]>
  </system-out>
</testsuite> <!-- Regression_Tests.Admin_BranchManagement_Tests -->
