<?xml version="1.0" encoding="UTF-8"?>
<!-- Generated by org.testng.reporters.JUnitReportReporter -->
<testsuite hostname="DELL1" failures="0" tests="1" name="Regression_Tests.Admin_BranchManagement_Tests" time="23.719" errors="0" timestamp="2021-09-17T20:54:26 IST" skipped="0">
  <testcase classname="Regression_Tests.Admin_BranchManagement_Tests" name="verify_Login_Funtionality" time="23.719"/>
  <system-out>
    <![CDATA[[Pass]Username Textbox is Present on screen
[Pass]Password Textbox is Present on screen
[Pass]Login Button is Present on screen
[Pass]Forgot ID Link is Present on screen
[Pass]Forgot Password Link is Present on screen
[Pass]Welcome message label is Present on screen]]>
  </system-out>
</testsuite> <!-- Regression_Tests.Admin_BranchManagement_Tests -->
