<?xml version="1.0" encoding="UTF-8"?>
<!-- Generated by org.testng.reporters.JUnitReportReporter -->
<testsuite hostname="DELL1" failures="0" tests="4" name="Regression_Tests.Admin_BranchManagement_Tests" time="86.409" errors="0" timestamp="2021-08-04T14:28:50 IST" skipped="0">
  <testcase classname="Regression_Tests.Admin_BranchManagement_Tests" name="verify_Login_Funtionality" time="23.720"/>
  <system-out>
    <![CDATA[[Pass]Username Textbox is Present on screen
[Pass]Password Textbox is Present on screen
[Pass]Login Button is Present on screen
[Pass]Forgot ID Link is Present on screen
[Pass]Forgot Password Link is Present on screen
[Pass]Welcome message label is Present on screen]]>
  </system-out>
  <testcase classname="Regression_Tests.Admin_BranchManagement_Tests" name="verify_Search_Student_functionality" time="25.735"/>
  <system-out>
    <![CDATA[[Pass]Username Textbox is Present on screen
[Pass]Parent Details Tab is Present on screen
[Pass]student Details Tab is Present on screen
[Pass]student Enrollment Detail Tab is Present on screen
[Pass]Update Branch Details Tab is Present on screen]]>
  </system-out>
  <testcase classname="Regression_Tests.Admin_BranchManagement_Tests" name="New_Registraton_Page_Verification" time="9.132"/>
  <system-out>
    <![CDATA[[Pass]Student registartion menu is Present on screen
[Pass]Student registartion tab is Present on screen
[Pass]Student registration tab is Present on screen
[Pass]New Parent tab is Present on screen
[Pass]New Student tab is Present on screen]]>
  </system-out>
  <testcase classname="Regression_Tests.Admin_BranchManagement_Tests" name="verify_student_management_functionality" time="27.822"/>
  <system-out>
    <![CDATA[[Pass]Search Result is Present on screen
[Pass]Button Disconnection is Present on screen
[Pass]Conversation Button is Present on screen
[Pass]button Hold is Present on screen
[Pass]Button view schedule is Present on screen
[Pass]Parent Details Tab is Present on screen
[Pass]student Details Tab is Present on screen
[Pass]student Enrollment Detail Tab is Present on screen
[Pass]Update Branch Details Tab is Present on screen]]>
  </system-out>
</testsuite> <!-- Regression_Tests.Admin_BranchManagement_Tests -->
