<?xml version="1.0" encoding="UTF-8"?>
<!-- Generated by org.testng.reporters.JUnitReportReporter -->
<testsuite hostname="DELL1" failures="0" tests="1" name="Regression_Tests.Admin_Group_SAT_Test" time="24.780" errors="0" timestamp="2021-09-17T20:54:26 IST" skipped="0">
  <testcase classname="Regression_Tests.Admin_Group_SAT_Test" name="verifySATTestDetails" time="24.780"/>
  <system-out>
    <![CDATA[[Pass]Success Message is Present on screen]]>
  </system-out>
</testsuite> <!-- Regression_Tests.Admin_Group_SAT_Test -->
