<?xml version="1.0" encoding="UTF-8"?>
<!-- Generated by org.testng.reporters.JUnitReportReporter -->
<testsuite hostname="ADMIN" name="Regression_Tests.Admin_BranchManagement_Tests" tests="4" failures="0" timestamp="4 Aug 2021 14:43:30 GMT" time="115.562" errors="0">
  <testcase name="verify_Search_Student_functionality" time="27.533" classname="Regression_Tests.Admin_BranchManagement_Tests"/>
  <testcase name="verify_student_management_functionality" time="28.900" classname="Regression_Tests.Admin_BranchManagement_Tests"/>
  <testcase name="verify_Login_Funtionality" time="50.236" classname="Regression_Tests.Admin_BranchManagement_Tests"/>
  <testcase name="New_Registraton_Page_Verification" time="8.893" classname="Regression_Tests.Admin_BranchManagement_Tests"/>
</testsuite> <!-- Regression_Tests.Admin_BranchManagement_Tests -->
