<?xml version="1.0" encoding="UTF-8"?>
<!-- Generated by org.testng.reporters.JUnitReportReporter -->
<testsuite hostname="DELL1" failures="0" tests="1" name="Regression_Tests.BaseClass_Test" time="5.822" errors="0" timestamp="2021-07-19T13:30:21 IST" skipped="0">
  <testcase classname="Regression_Tests.BaseClass_Test" name="OpenApplication" time="5.822"/>
  <system-out/>
</testsuite> <!-- Regression_Tests.BaseClass_Test -->
