<?xml version="1.0" encoding="UTF-8"?>
<!-- Generated by org.testng.reporters.JUnitReportReporter -->
<testsuite hostname="DELL1" failures="0" tests="3" name="Regression_Tests.Admin_BranchManagement_Tests" time="59.804" errors="0" timestamp="2021-10-30T15:29:31 IST" skipped="0">
  <testcase classname="Regression_Tests.Admin_BranchManagement_Tests" name="verify_Login_Funtionality" time="24.987"/>
  <system-out>
    <![CDATA[Entering User Name:keith@yahoo.com
Entering Password:melbourne]]>
  </system-out>
  <testcase classname="Regression_Tests.Admin_BranchManagement_Tests" name="verify_Search_Student_functionality" time="25.591"/>
  <system-out>
    <![CDATA[Navigating on search student page
Searching by Student First Name
Verifying Search Result
Searching by Student First Name]]>
  </system-out>
  <testcase classname="Regression_Tests.Admin_BranchManagement_Tests" name="New_Registraton_Page_Verification" time="9.226"/>
  <system-out>
    <![CDATA[Navigating on student registration page
Verifying elements on student registration page]]>
  </system-out>
</testsuite> <!-- Regression_Tests.Admin_BranchManagement_Tests -->
