<?xml version="1.0" encoding="UTF-8"?>
<!-- Generated by org.testng.reporters.JUnitReportReporter -->
<testsuite hostname="DELL1" failures="0" tests="1" name="Regression_Tests.Admin_Group_SAT_Test" time="49.870" errors="0" timestamp="2021-10-30T15:29:31 IST" skipped="0">
  <testcase classname="Regression_Tests.Admin_Group_SAT_Test" name="verifyManageClass" time="49.870"/>
  <system-out/>
</testsuite> <!-- Regression_Tests.Admin_Group_SAT_Test -->
