<?xml version="1.0" encoding="UTF-8"?>
<!-- Generated by org.testng.reporters.JUnitReportReporter -->
<testsuite hostname="DELL1" failures="0" tests="1" name="Regression_Tests.Admin_Group_SAT_Test" time="115.835" errors="0" timestamp="2021-08-27T19:49:21 IST" skipped="0">
  <testcase classname="Regression_Tests.Admin_Group_SAT_Test" name="verifyActiveInactiveStudetFunc" time="115.835"/>
  <system-out>
    <![CDATA[[Pass]Student Popup is Present on screen
[fail]Disable Link is not Present on screen
[Pass]Student Popup is Present on screen
[Pass]Active Link is Present on screen]]>
  </system-out>
</testsuite> <!-- Regression_Tests.Admin_Group_SAT_Test -->
