<?xml version="1.0" encoding="UTF-8"?>
<!-- Generated by org.testng.reporters.JUnitReportReporter -->
<testsuite hostname="DELL1" failures="0" tests="1" name="coaching_center_base.BaseClass" time="2.422" errors="0" timestamp="2021-07-19T13:27:48 IST" skipped="0">
  <testcase classname="coaching_center_base.BaseClass" name="OpenApplication" time="2.422"/>
  <system-out/>
</testsuite> <!-- coaching_center_base.BaseClass -->
