<?xml version="1.0" encoding="UTF-8"?>
<!-- Generated by org.testng.reporters.JUnitReportReporter -->
<testsuite hostname="DELL1" failures="0" tests="1" name="Regression_Tests.Admin_BranchManagement_Tests" time="25.714" errors="0" timestamp="2021-11-16T20:55:08 IST" skipped="0">
  <testcase classname="Regression_Tests.Admin_BranchManagement_Tests" name="verify_Login_Funtionality" time="25.714"/>
  <system-out>
    <![CDATA[Entering User Name:keith@yahoo.com
Entering Password:melbourne]]>
  </system-out>
</testsuite> <!-- Regression_Tests.Admin_BranchManagement_Tests -->
