<?xml version="1.0" encoding="UTF-8"?>
<!-- Generated by org.testng.reporters.JUnitReportReporter -->
<testsuite hostname="DELL1" failures="0" tests="3" name="Regression_Tests.Admin_Group_SAT_Test" time="196.068" errors="0" timestamp="2021-09-02T21:08:53 IST" skipped="0">
  <testcase classname="Regression_Tests.Admin_Group_SAT_Test" name="verifyManageClass" time="49.153"/>
  <system-out/>
  <testcase classname="Regression_Tests.Admin_Group_SAT_Test" name="verifyActiveInactiveStudetFunc" time="103.414"/>
  <system-out>
    <![CDATA[[Pass]Student Popup is Present on screen
[Pass]Disable Link is Present on screen
[Pass]Student Popup is Present on screen
[Pass]Active Link is Present on screen]]>
  </system-out>
  <testcase classname="Regression_Tests.Admin_Group_SAT_Test" name="verifySudentVideoFunc" time="43.501"/>
  <system-out>
    <![CDATA[[Pass]Video Password Field is Present on screen]]>
  </system-out>
</testsuite> <!-- Regression_Tests.Admin_Group_SAT_Test -->
