<?xml version="1.0" encoding="UTF-8"?>
<!-- Generated by org.testng.reporters.JUnitReportReporter -->
<testsuite hostname="DELL1" failures="0" tests="2" name="Regression_Tests.Admin_BranchManagement_Tests" time="34.012" errors="0" timestamp="2022-01-16T14:21:09 IST" skipped="0">
  <testcase classname="Regression_Tests.Admin_BranchManagement_Tests" name="verify_Login_Funtionality" time="25.101"/>
  <system-out>
    <![CDATA[Entering User Name:keith@yahoo.com
Entering Password:melbourne]]>
  </system-out>
  <testcase classname="Regression_Tests.Admin_BranchManagement_Tests" name="New_Registraton_Page_Verification" time="8.911"/>
  <system-out>
    <![CDATA[Navigating on student registration page
Verifying elements on student registration page]]>
  </system-out>
</testsuite> <!-- Regression_Tests.Admin_BranchManagement_Tests -->
