<?xml version="1.0" encoding="UTF-8"?>
<!-- Generated by org.testng.reporters.JUnitReportReporter -->
<testsuite hostname="DELL1" failures="0" tests="6" name="Regression_Tests.Admin_BranchManagement_Tests" time="158.898" errors="0" timestamp="2021-08-07T15:23:32 IST" skipped="0">
  <testcase classname="Regression_Tests.Admin_BranchManagement_Tests" name="verify_Login_Funtionality" time="23.691"/>
  <system-out>
    <![CDATA[[Pass]Username Textbox is Present on screen
[Pass]Password Textbox is Present on screen
[Pass]Login Button is Present on screen
[Pass]Forgot ID Link is Present on screen
[Pass]Forgot Password Link is Present on screen
[Pass]Welcome message label is Present on screen]]>
  </system-out>
  <testcase classname="Regression_Tests.Admin_BranchManagement_Tests" name="verify_Search_Student_functionality" time="25.660"/>
  <system-out>
    <![CDATA[[Pass]Username Textbox is Present on screen
[Pass]Parent Details Tab is Present on screen
[Pass]student Details Tab is Present on screen
[Pass]student Enrollment Detail Tab is Present on screen
[Pass]Update Branch Details Tab is Present on screen]]>
  </system-out>
  <testcase classname="Regression_Tests.Admin_BranchManagement_Tests" name="New_Registraton_Page_Verification" time="9.154"/>
  <system-out>
    <![CDATA[[Pass]Student registartion menu is Present on screen
[Pass]Student registartion tab is Present on screen
[Pass]Student registration tab is Present on screen
[Pass]New Parent tab is Present on screen
[Pass]New Student tab is Present on screen]]>
  </system-out>
  <testcase classname="Regression_Tests.Admin_BranchManagement_Tests" name="verify_student_management_functionality" time="27.566"/>
  <system-out>
    <![CDATA[[Pass]Search Result is Present on screen
[fail]Button Disconnection is not Present on screen
[Pass]Conversation Button is Present on screen
[Pass]button Hold is Present on screen
[Pass]Button view schedule is Present on screen
[Pass]Parent Details Tab is Present on screen
[Pass]student Details Tab is Present on screen
[Pass]student Enrollment Detail Tab is Present on screen
[Pass]Update Branch Details Tab is Present on screen]]>
  </system-out>
  <testcase classname="Regression_Tests.Admin_BranchManagement_Tests" name="verify_student_prospect_page" time="50.261"/>
  <system-out>
    <![CDATA[[Pass]Sat Prospect Details is Present on screen
[Pass]Button View Detail is Present on screen
[Pass]View Conversation Detail is Present on screen
[Pass]Parent Details Tab is Present on screen
[Pass]Student Tab is Present on screen
[Pass]Parent Details Tab is Present on screen
[Pass]Update Branch Details Tab is Present on screen
[Pass]Duke Prospect Details is Present on screen]]>
  </system-out>
  <testcase classname="Regression_Tests.Admin_BranchManagement_Tests" name="verify_student_teacher_mapping_page" time="22.566"/>
  <system-out>
    <![CDATA[[Pass]Select Teacher Dropdown is Present on screen
[Pass]Student Name Dropdown is Present on screen
[Pass]Student Detail Dropdown is Present on screen
[Pass]Search Butoon is Present on screen
[Pass]Reset Butoon is Present on screen
[fail]Success Message is not Present on screen]]>
  </system-out>
</testsuite> <!-- Regression_Tests.Admin_BranchManagement_Tests -->
