<?xml version="1.0" encoding="UTF-8"?>
<!-- Generated by org.testng.reporters.JUnitReportReporter -->
<testsuite hostname="DELL1" failures="0" tests="1" name="Regression_Tests.Admin_Group_SAT_Test" time="53.357" errors="0" timestamp="2021-09-14T22:26:33 IST" skipped="0">
  <testcase classname="Regression_Tests.Admin_Group_SAT_Test" name="verifyBatchAndStudentMapping" time="53.357"/>
  <system-out>
    <![CDATA[[Pass]Sucess Message is Present on screen
[Pass]Sucess Message is Present on screen
[Pass]Sucess Message is Present on screen]]>
  </system-out>
</testsuite> <!-- Regression_Tests.Admin_Group_SAT_Test -->
